<?xml version="1.0" encoding="utf-8"?><testsuites name="pytest tests"><testsuite name="pytest" errors="0" failures="0" skipped="0" tests="15" time="9.941" timestamp="2026-06-10T23:27:09.807547+08:00" hostname="TABLET-0BGCRCP5"><testcase classname="tests.integration.test_openai_compatible_router" name="test_list_models_returns_openai_compatible_list" time="0.048" /><testcase classname="tests.integration.test_openai_compatible_router" name="test_chat_completions_returns_non_stream_response" time="0.038" /><testcase classname="tests.integration.test_openai_compatible_router" name="test_chat_completions_stream_returns_sse_chunks_and_done_marker" time="0.028" /><testcase classname="tests.integration.test_openai_compatible_router" name="test_chat_completions_returns_controlled_502_when_no_candidate_succeeds" time="0.018" /><testcase classname="tests.integration.test_openai_compatible_router" name="test_chat_completions_rejects_non_interactive_task_type" time="0.020" /><testcase classname="tests.integration.test_openai_compatible_router" name="test_chat_completions_rejects_extra_request_fields" time="0.019" /><testcase classname="tests.unit.test_chat_completion_service" name="test_list_models_includes_supported_and_default_fallback_models" time="0.007" /><testcase classname="tests.unit.test_chat_completion_service" name="test_create_completion_uses_provider_content_and_usage" time="0.007" /><testcase classname="tests.unit.test_chat_completion_service" name="test_create_completion_falls_back_to_next_candidate_when_first_provider_fails" time="0.005" /><testcase classname="tests.unit.test_chat_completion_service" name="test_stream_completion_falls_back_before_first_content_when_primary_provider_fails" time="0.008" /><testcase classname="tests.unit.test_legacy_chat_stream_adapter" name="test_translate_request_maps_provider_and_model_to_openai_request" time="0.002" /><testcase classname="tests.unit.test_legacy_chat_stream_adapter" name="test_translate_request_omits_auto_provider_override" time="0.003" /><testcase classname="tests.unit.test_legacy_chat_stream_adapter" name="test_translate_request_rejects_group_chat_mode" time="0.009" /><testcase classname="tests.unit.test_legacy_chat_stream_adapter" name="test_stream_legacy_events_emits_start_content_end_sequence" time="0.007" /><testcase classname="tests.unit.test_legacy_chat_stream_adapter" name="test_stream_legacy_events_emits_error_event_when_service_fails" time="0.005" /></testsuite></testsuites>